
> reo-app@0.1.0 dev
> next dev -p 3055

 ⨯ Failed to start server
Error: listen EADDRINUSE: address already in use :::3055
    at Server.setupListenHandle [as _listen2] (node:net:1940:16)
    at listenInCluster (node:net:1997:12)
    at Server.listen (node:net:2102:7)
    at /Users/aureliuszgorski/MePlusAI-WORKSPACES/2 APPS/1. DEVELOPEMENT/reo.pl/reo-app/node_modules/next/dist/server/lib/start-server.js:280:16
    at new Promise (<anonymous>)
    at startServer (/Users/aureliuszgorski/MePlusAI-WORKSPACES/2 APPS/1. DEVELOPEMENT/reo.pl/reo-app/node_modules/next/dist/server/lib/start-server.js:191:11)
    at /Users/aureliuszgorski/MePlusAI-WORKSPACES/2 APPS/1. DEVELOPEMENT/reo.pl/reo-app/node_modules/next/dist/server/lib/start-server.js:310:52
    at Span.traceAsyncFn (/Users/aureliuszgorski/MePlusAI-WORKSPACES/2 APPS/1. DEVELOPEMENT/reo.pl/reo-app/node_modules/next/dist/trace/trace.js:154:26)
    at process.<anonymous> (/Users/aureliuszgorski/MePlusAI-WORKSPACES/2 APPS/1. DEVELOPEMENT/reo.pl/reo-app/node_modules/next/dist/server/lib/start-server.js:310:35)
    at process.emit (node:events:508:28) {
  code: 'EADDRINUSE',
  errno: -48,
  syscall: 'listen',
  address: '::',
  port: 3055
}
[?25h
npm notice
npm notice New minor version of npm available! 11.5.1 -> 11.12.1
npm notice Changelog: https://github.com/npm/cli/releases/tag/v11.12.1
npm notice To update run: npm install -g npm@11.12.1
npm notice
